<?xml version="1.0" encoding="UTF-8"?>
<!-- Generated by org.testng.reporters.JUnitXMLReporter -->
<testsuite ignored="0" hostname="DESKTOP-SPDP9HB" failures="0" tests="4" name="Default test" time="27.088" errors="0" timestamp="2024-01-31T17:54:55 TRT">
  <testcase classname="MyTestCases.SignUp" name="myFirstTest" time="9.305"/>
  <testcase classname="MyTestCases.SignUp" name="logoutProcess" time="1.317"/>
  <testcase classname="MyTestCases.SignUp" name="loginProcess" time="5.281"/>
  <testcase classname="MyTestCases.SignUp" name="AddOneRandomItem" time="10.986"/>
</testsuite> <!-- Default test -->
