<?xml version="1.0" encoding="UTF-8"?>
<testng-results ignored="0" total="1" passed="1" failed="0" skipped="0">
  <reporter-output>
  </reporter-output>
  <suite started-at="2024-01-29T23:49:42 TRT" name="Default suite" finished-at="2024-01-29T23:49:53 TRT" duration-ms="11082">
    <groups>
    </groups>
    <test started-at="2024-01-29T23:49:42 TRT" name="Default test" finished-at="2024-01-29T23:49:53 TRT" duration-ms="11082">
      <class name="MyTestCases.SignUp">
        <test-method is-config="true" signature="setUp()[pri:0, instance:MyTestCases.SignUp@1d131e1b]" started-at="2024-01-29T23:49:42 TRT" name="setUp" finished-at="2024-01-29T23:49:42 TRT" duration-ms="123" status="PASS">
          <reporter-output>
          </reporter-output>
        </test-method> <!-- setUp -->
        <test-method signature="myFirstTest()[pri:0, instance:MyTestCases.SignUp@1d131e1b]" started-at="2024-01-29T23:49:42 TRT" name="myFirstTest" finished-at="2024-01-29T23:49:53 TRT" duration-ms="10938" status="PASS">
          <reporter-output>
          </reporter-output>
        </test-method> <!-- myFirstTest -->
      </class> <!-- MyTestCases.SignUp -->
    </test> <!-- Default test -->
  </suite> <!-- Default suite -->
</testng-results>
