<?xml version="1.0" encoding="UTF-8"?>
<testng-results ignored="0" total="4" passed="4" failed="0" skipped="0">
  <reporter-output>
  </reporter-output>
  <suite started-at="2024-01-31T17:54:28 TRT" name="Default suite" finished-at="2024-01-31T17:54:55 TRT" duration-ms="27088">
    <groups>
    </groups>
    <test started-at="2024-01-31T17:54:28 TRT" name="Default test" finished-at="2024-01-31T17:54:55 TRT" duration-ms="27088">
      <class name="MyTestCases.SignUp">
        <test-method is-config="true" signature="setUp()[pri:0, instance:MyTestCases.SignUp@615091b8]" started-at="2024-01-31T17:54:28 TRT" name="setUp" finished-at="2024-01-31T17:54:28 TRT" duration-ms="146" status="PASS">
          <reporter-output>
          </reporter-output>
        </test-method> <!-- setUp -->
        <test-method signature="myFirstTest()[pri:1, instance:MyTestCases.SignUp@615091b8]" started-at="2024-01-31T17:54:28 TRT" name="myFirstTest" finished-at="2024-01-31T17:54:38 TRT" duration-ms="9305" status="PASS">
          <reporter-output>
          </reporter-output>
        </test-method> <!-- myFirstTest -->
        <test-method signature="logoutProcess()[pri:2, instance:MyTestCases.SignUp@615091b8]" started-at="2024-01-31T17:54:38 TRT" name="logoutProcess" finished-at="2024-01-31T17:54:39 TRT" duration-ms="1317" status="PASS">
          <reporter-output>
          </reporter-output>
        </test-method> <!-- logoutProcess -->
        <test-method signature="loginProcess()[pri:3, instance:MyTestCases.SignUp@615091b8]" started-at="2024-01-31T17:54:39 TRT" name="loginProcess" finished-at="2024-01-31T17:54:44 TRT" duration-ms="5281" status="PASS">
          <reporter-output>
          </reporter-output>
        </test-method> <!-- loginProcess -->
        <test-method signature="AddOneRandomItem()[pri:4, instance:MyTestCases.SignUp@615091b8]" started-at="2024-01-31T17:54:44 TRT" name="AddOneRandomItem" finished-at="2024-01-31T17:54:55 TRT" duration-ms="10986" status="PASS">
          <reporter-output>
          </reporter-output>
        </test-method> <!-- AddOneRandomItem -->
      </class> <!-- MyTestCases.SignUp -->
    </test> <!-- Default test -->
  </suite> <!-- Default suite -->
</testng-results>
